生成启动时间为 2018/8/24 11:16:23。
     1>项目“E:\test\codeLib\linux\project\vsOrg\vsOrg\vsOrg.vcxproj”在节点 2 上(Build 个目标)。
     1>ClCompile:
         D:\Program Files (x86)\Microsoft Visual Studio 12.0\VC\bin\CL.exe /c /IF:\test\codeLib\linux\simulate_linux_hfile /IF:\test\codeLib\linux /IF:\test\codeLib\utility /IF:\test\codeLib\linux\project\vsOrg\..\..\Thread /IF:\test\codeLib\linux\project\vsOrg\..\..\net /IF:\test\codeLib\linux\project\vsOrg /ZI /nologo /W3 /WX- /Od /Oy- /D WIN32 /D _DEBUG /D _CONSOLE /D _UNICODE /D UNICODE /Gm /EHsc /RTC1 /MDd /GS /fp:precise /Zc:wchar_t /Zc:forScope /Fo"Debug\\" /Fd"Debug\vc120.pdb" /Gd /TP /analyze- /errorReport:prompt ..\..\..\net\epoll_base.cpp ..\..\..\net\my_socket.cpp ..\..\..\net\test_client.cpp ..\..\..\net\test_epoll.cpp ..\..\..\Thread\SimpleAtomicCount.cpp ..\..\..\Thread\Thread.cpp
         Thread.cpp
     1>e:\test\codelib\linux\thread\thread.h(5): fatal error C1083: 无法打开包括文件: “pthread.h”: No such file or directory
         SimpleAtomicCount.cpp
     1>e:\test\codelib\linux\thread\simpleatomiccount.cpp(25): fatal error C1083: 无法打开包括文件: “zthread/Guard.h”: No such file or directory
         test_epoll.cpp
     1>e:\test\codelib\linux\net\test_epoll.cpp(3): fatal error C1083: 无法打开包括文件: “sys/epoll.h”: No such file or directory
         test_client.cpp
     1>e:\test\codelib\linux\net\test_client.cpp(4): fatal error C1083: 无法打开包括文件: “sys/epoll.h”: No such file or directory
         my_socket.cpp
     1>e:\test\codelib\linux\net\my_socket.h(4): fatal error C1083: 无法打开包括文件: “sys/socket.h”: No such file or directory
         epoll_base.cpp
     1>e:\test\codelib\linux\net\epoll_base.cpp(3): fatal error C1083: 无法打开包括文件: “sys/epoll.h”: No such file or directory
         正在生成代码...
     1>已完成生成项目“E:\test\codeLib\linux\project\vsOrg\vsOrg\vsOrg.vcxproj”(Build 个目标)的操作 - 失败。

生成失败。

已用时间 00:00:00.49
